# JRE version: OpenJDK Runtime Environment (11.0.8+10) (build 11.0.8+10)
# Java VM: OpenJDK 64-Bit Server VM (11.0.8+10, mixed mode, tiered, compressed oops, g1 gc, linux-amd64)
Heap:
 garbage-first heap   total 407552K, used 268020K [0x000000070ba00000, 0x0000000800000000)
  region size 1024K, 212 young (217088K), 11 survivors (11264K)
 Metaspace       used 39409K, capacity 40345K, committed 40628K, reserved 1085440K
  class space    used 4100K, capacity 4400K, committed 4480K, reserved 1048576K
GC Heap History (20 events):
Event: 0,580 GC heap before
{Heap before GC invocations=0 (full 0):
 garbage-first heap   total 251904K, used 23552K [0x000000070ba00000, 0x0000000800000000)
  region size 1024K, 24 young (24576K), 0 survivors (0K)
 Metaspace       used 13374K, capacity 13588K, committed 13824K, reserved 1060864K
  class space    used 1361K, capacity 1423K, committed 1536K, reserved 1048576K
}
Event: 0,585 GC heap after
{Heap after GC invocations=1 (full 0):
 garbage-first heap   total 251904K, used 3672K [0x000000070ba00000, 0x0000000800000000)
  region size 1024K, 3 young (3072K), 3 survivors (3072K)
 Metaspace       used 13374K, capacity 13588K, committed 13824K, reserved 1060864K
  class space    used 1361K, capacity 1423K, committed 1536K, reserved 1048576K
}
Event: 1,376 GC heap before
{Heap before GC invocations=1 (full 0):
 garbage-first heap   total 251904K, used 52824K [0x000000070ba00000, 0x0000000800000000)
  region size 1024K, 52 young (53248K), 3 survivors (3072K)
 Metaspace       used 20867K, capacity 21171K, committed 21296K, reserved 1069056K
  class space    used 2238K, capacity 2354K, committed 2432K, reserved 1048576K
}
Event: 1,388 GC heap after
{Heap after GC invocations=2 (full 0):
 garbage-first heap   total 251904K, used 6901K [0x000000070ba00000, 0x0000000800000000)
  region size 1024K, 7 young (7168K), 7 survivors (7168K)
 Metaspace       used 20867K, capacity 21171K, committed 21296K, reserved 1069056K
  class space    used 2238K, capacity 2354K, committed 2432K, reserved 1048576K
}
Event: 2,035 GC heap before
{Heap before GC invocations=3 (full 0):
 garbage-first heap   total 251904K, used 65269K [0x000000070ba00000, 0x0000000800000000)
  region size 1024K, 64 young (65536K), 7 survivors (7168K)
 Metaspace       used 21921K, capacity 22350K, committed 22576K, reserved 1069056K
  class space    used 2282K, capacity 2424K, committed 2432K, reserved 1048576K
}
Event: 2,046 GC heap after
{Heap after GC invocations=4 (full 0):
 garbage-first heap   total 251904K, used 11711K [0x000000070ba00000, 0x0000000800000000)
  region size 1024K, 8 young (8192K), 8 survivors (8192K)
 Metaspace       used 21921K, capacity 22350K, committed 22576K, reserved 1069056K
  class space    used 2282K, capacity 2424K, committed 2432K, reserved 1048576K
}
Event: 2,693 GC heap before
{Heap before GC invocations=4 (full 0):
 garbage-first heap   total 251904K, used 154047K [0x000000070ba00000, 0x0000000800000000)
  region size 1024K, 147 young (150528K), 8 survivors (8192K)
 Metaspace       used 22420K, capacity 22883K, committed 23088K, reserved 1071104K
  class space    used 2286K, capacity 2430K, committed 2432K, reserved 1048576K
}
Event: 2,719 GC heap after
{Heap after GC invocations=5 (full 0):
 garbage-first heap   total 251904K, used 32443K [0x000000070ba00000, 0x0000000800000000)
  region size 1024K, 19 young (19456K), 19 survivors (19456K)
 Metaspace       used 22420K, capacity 22883K, committed 23088K, reserved 1071104K
  class space    used 2286K, capacity 2430K, committed 2432K, reserved 1048576K
}
Event: 2,732 GC heap before
{Heap before GC invocations=5 (full 0):
 garbage-first heap   total 251904K, used 34491K [0x000000070ba00000, 0x0000000800000000)
  region size 1024K, 21 young (21504K), 19 survivors (19456K)
 Metaspace       used 22423K, capacity 22883K, committed 23088K, reserved 1071104K
  class space    used 2286K, capacity 2430K, committed 2432K, reserved 1048576K
}
Event: 2,749 GC heap after
{Heap after GC invocations=6 (full 0):
 garbage-first heap   total 309248K, used 34816K [0x000000070ba00000, 0x0000000800000000)
  region size 1024K, 2 young (2048K), 2 survivors (2048K)
 Metaspace       used 22423K, capacity 22883K, committed 23088K, reserved 1071104K
  class space    used 2286K, capacity 2430K, committed 2432K, reserved 1048576K
}
Event: 3,132 GC heap before
{Heap before GC invocations=6 (full 0):
 garbage-first heap   total 309248K, used 97280K [0x000000070ba00000, 0x0000000800000000)
  region size 1024K, 63 young (64512K), 2 survivors (2048K)
 Metaspace       used 22544K, capacity 23017K, committed 23088K, reserved 1071104K
  class space    used 2287K, capacity 2432K, committed 2432K, reserved 1048576K
}
Event: 3,141 GC heap after
{Heap after GC invocations=7 (full 0):
 garbage-first heap   total 309248K, used 43008K [0x000000070ba00000, 0x0000000800000000)
  region size 1024K, 8 young (8192K), 8 survivors (8192K)
 Metaspace       used 22544K, capacity 23017K, committed 23088K, reserved 1071104K
  class space    used 2287K, capacity 2432K, committed 2432K, reserved 1048576K
}
Event: 3,883 GC heap before
{Heap before GC invocations=7 (full 0):
 garbage-first heap   total 309248K, used 144384K [0x000000070ba00000, 0x0000000800000000)
  region size 1024K, 107 young (109568K), 8 survivors (8192K)
 Metaspace       used 22980K, capacity 23438K, committed 23728K, reserved 1071104K
  class space    used 2314K, capacity 2465K, committed 2560K, reserved 1048576K
}
Event: 3,912 GC heap after
{Heap after GC invocations=8 (full 0):
 garbage-first heap   total 309248K, used 49271K [0x000000070ba00000, 0x0000000800000000)
  region size 1024K, 7 young (7168K), 7 survivors (7168K)
 Metaspace       used 22980K, capacity 23438K, committed 23728K, reserved 1071104K
  class space    used 2314K, capacity 2465K, committed 2560K, reserved 1048576K
}
Event: 5,247 GC heap before
{Heap before GC invocations=8 (full 0):
 garbage-first heap   total 309248K, used 168055K [0x000000070ba00000, 0x0000000800000000)
  region size 1024K, 123 young (125952K), 7 survivors (7168K)
 Metaspace       used 28955K, capacity 29587K, committed 29744K, reserved 1075200K
  class space    used 2946K, capacity 3131K, committed 3200K, reserved 1048576K
}
Event: 5,265 GC heap after
{Heap after GC invocations=9 (full 0):
 garbage-first heap   total 309248K, used 53505K [0x000000070ba00000, 0x0000000800000000)
  region size 1024K, 11 young (11264K), 11 survivors (11264K)
 Metaspace       used 28955K, capacity 29587K, committed 29744K, reserved 1075200K
  class space    used 2946K, capacity 3131K, committed 3200K, reserved 1048576K
}
Event: 6,186 GC heap before
{Heap before GC invocations=9 (full 0):
 garbage-first heap   total 309248K, used 180481K [0x000000070ba00000, 0x0000000800000000)
  region size 1024K, 135 young (138240K), 11 survivors (11264K)
 Metaspace       used 29266K, capacity 29892K, committed 30256K, reserved 1077248K
  class space    used 2959K, capacity 3169K, committed 3200K, reserved 1048576K
}
Event: 6,195 GC heap after
{Heap after GC invocations=10 (full 0):
 garbage-first heap   total 407552K, used 54085K [0x000000070ba00000, 0x0000000800000000)
  region size 1024K, 6 young (6144K), 6 survivors (6144K)
 Metaspace       used 29266K, capacity 29892K, committed 30256K, reserved 1077248K
  class space    used 2959K, capacity 3169K, committed 3200K, reserved 1048576K
}
Event: 7,175 GC heap before
{Heap before GC invocations=10 (full 0):
 garbage-first heap   total 407552K, used 229189K [0x000000070ba00000, 0x0000000800000000)
  region size 1024K, 174 young (178176K), 6 survivors (6144K)
 Metaspace       used 35026K, capacity 35715K, committed 35888K, reserved 1081344K
  class space    used 3667K, capacity 3921K, committed 3968K, reserved 1048576K
}
Event: 7,185 GC heap after
{Heap after GC invocations=11 (full 0):
 garbage-first heap   total 407552K, used 59124K [0x000000070ba00000, 0x0000000800000000)
  region size 1024K, 11 young (11264K), 11 survivors (11264K)
 Metaspace       used 35026K, capacity 35715K, committed 35888K, reserved 1081344K
  class space    used 3667K, capacity 3921K, committed 3968K, reserved 1048576K
}

