<?xml version="1.0" encoding="UTF-8"?>
<robot generator="Robot 4.0.1 (Python 3.9.7 on win32)" generated="20211001 11:47:44.999" rpa="false" schemaversion="2">
<suite id="s1" name="09 Create Pregnancy Status" source="D:\2_Entwicklung\fhir-bridge\tests\robot\OBSERVATION\09_create_pregnancy_status.robot">
<test id="s1-t1" name="001 Create Pregnancy Status (Invalid/Missing 'Subject')">
<kw name="generic.prepare new request session" type="SETUP">
<arg>Prefer=return=representation</arg>
<arg>Authorization=${AUTHORIZATION['Authorization']}</arg>
<msg timestamp="20211001 11:47:45.022" level="FAIL">No keyword with name 'generic.prepare new request session' found.</msg>
<status status="FAIL" starttime="20211001 11:47:45.022" endtime="20211001 11:47:45.022"/>
</kw>
<doc>1. *LOAD* _create-pregnancy-status.json_ 

2. *UPDATE* values for attribute ``Subject`` 

3. *POST* example JSON to observation endpoint 

4. *VALIDATE* the response status 

5. *VALIDATE* outcome against diagnostic text &amp; location</doc>
<tag>create</tag>
<tag>invalid</tag>
<tag>observation_create</tag>
<tag>pregnancy-status</tag>
<tag>subject</tag>
<status status="FAIL" starttime="20211001 11:47:45.020" endtime="20211001 11:47:45.022">Setup failed:
No keyword with name 'generic.prepare new request session' found.</status>
</test>
<test id="s1-t2" name="002 Create Pregnancy Status (Invalid/Missing 'resourceType')">
<kw name="generic.prepare new request session" type="SETUP">
<arg>Prefer=return=representation</arg>
<arg>Authorization=${AUTHORIZATION['Authorization']}</arg>
<msg timestamp="20211001 11:47:45.024" level="FAIL">No keyword with name 'generic.prepare new request session' found.</msg>
<status status="FAIL" starttime="20211001 11:47:45.024" endtime="20211001 11:47:45.024"/>
</kw>
<doc>1. *CREATE* new an EHR record

2. *LOAD* _create-pregnancy-status.json_

3. *UPDATE* ``Subject - Identifier - value`` with the _UUID:_ ${subject_id} which was created in EHR record

4. *UPDATE* values for attribute ``resourceType`` 

5. *POST* example JSON to observation endpoint

6. *VALIDATE* the response status 

7. *VALIDATE* outcome against diagnostic text &amp; location</doc>
<tag>create</tag>
<tag>invalid</tag>
<tag>observation_create</tag>
<tag>pregnancy-status</tag>
<tag>resourceType</tag>
<status status="FAIL" starttime="20211001 11:47:45.023" endtime="20211001 11:47:45.025">Setup failed:
No keyword with name 'generic.prepare new request session' found.</status>
</test>
<test id="s1-t3" name="003 Create Pregnancy Status (Invalid/Missing 'ID')">
<kw name="generic.prepare new request session" type="SETUP">
<arg>Prefer=return=representation</arg>
<arg>Authorization=${AUTHORIZATION['Authorization']}</arg>
<msg timestamp="20211001 11:47:45.027" level="FAIL">No keyword with name 'generic.prepare new request session' found.</msg>
<status status="FAIL" starttime="20211001 11:47:45.027" endtime="20211001 11:47:45.027"/>
</kw>
<doc>1. *CREATE* new an EHR record

2. *LOAD* _create-pregnancy-status.json_

3. *UPDATE* ``Subject - Identifier - value`` with the _UUID:_ ${subject_id} which was created in EHR record

4. *UPDATE* values for attribute ``ID`` 

5. *POST* example JSON to observation endpoint

6. *VALIDATE* the response status 

7. *VALIDATE* outcome against diagnostic text &amp; location</doc>
<tag>create</tag>
<tag>ID</tag>
<tag>invalid</tag>
<tag>observation_create</tag>
<tag>pregnancy-status</tag>
<status status="FAIL" starttime="20211001 11:47:45.026" endtime="20211001 11:47:45.027">Setup failed:
No keyword with name 'generic.prepare new request session' found.</status>
</test>
<test id="s1-t4" name="004 Create Pregnancy Status (Invalid/Missing 'meta')">
<kw name="generic.prepare new request session" type="SETUP">
<arg>Prefer=return=representation</arg>
<arg>Authorization=${AUTHORIZATION['Authorization']}</arg>
<msg timestamp="20211001 11:47:45.029" level="FAIL">No keyword with name 'generic.prepare new request session' found.</msg>
<status status="FAIL" starttime="20211001 11:47:45.029" endtime="20211001 11:47:45.029"/>
</kw>
<doc>1. *CREATE* new an EHR record

2. *LOAD* _create-pregnancy-status.json_

3. *UPDATE* ``Subject - Identifier - value`` with the _UUID: ${subject_id}_ which was created in EHR record

4. *UPDATE* values for attribute ``meta`` 

5. *POST* example JSON to observation endpoint

6. *VALIDATE* the response status 

7. *VALIDATE* outcome against diagnostic text &amp; location</doc>
<tag>create</tag>
<tag>invalid</tag>
<tag>meta</tag>
<tag>observation_create</tag>
<tag>pregnancy-status</tag>
<status status="FAIL" starttime="20211001 11:47:45.028" endtime="20211001 11:47:45.029">Setup failed:
No keyword with name 'generic.prepare new request session' found.</status>
</test>
<test id="s1-t5" name="005 Create Pregnancy Status (Invalid/Missing 'identifier')">
<kw name="generic.prepare new request session" type="SETUP">
<arg>Prefer=return=representation</arg>
<arg>Authorization=${AUTHORIZATION['Authorization']}</arg>
<msg timestamp="20211001 11:47:45.032" level="FAIL">No keyword with name 'generic.prepare new request session' found.</msg>
<status status="FAIL" starttime="20211001 11:47:45.032" endtime="20211001 11:47:45.032"/>
</kw>
<doc>1. *CREATE* new an EHR record

2. *LOAD* _create-pregnancy-status.json_

3. *UPDATE* ``Subject - Identifier - value`` with the _UUID: ${subject_id}_ which was created in EHR record

4. *UPDATE* values for attribute ``identifier`` 

5. *POST* example JSON to observation endpoint

6. *VALIDATE* the response status 

7. *VALIDATE* outcome against diagnostic text &amp; location</doc>
<tag>create</tag>
<tag>identifier</tag>
<tag>invalid</tag>
<tag>observation_create</tag>
<tag>pregnancy-status</tag>
<status status="FAIL" starttime="20211001 11:47:45.030" endtime="20211001 11:47:45.032">Setup failed:
No keyword with name 'generic.prepare new request session' found.</status>
</test>
<test id="s1-t6" name="006 Create Pregnancy Status (Invalid/Missing 'Status')">
<kw name="generic.prepare new request session" type="SETUP">
<arg>Prefer=return=representation</arg>
<arg>Authorization=${AUTHORIZATION['Authorization']}</arg>
<msg timestamp="20211001 11:47:45.035" level="FAIL">No keyword with name 'generic.prepare new request session' found.</msg>
<status status="FAIL" starttime="20211001 11:47:45.035" endtime="20211001 11:47:45.035"/>
</kw>
<doc>1. *CREATE* new an EHR record

2. *LOAD* _create-pregnancy-status.json_

3. *UPDATE* ``Subject - Identifier - value`` with the _UUID:_ ${subject_id} which was created in EHR record

4. *UPDATE* values for attribute ``Status`` 

5. *POST* example JSON to observation endpoint

6. *VALIDATE* the response status 

7. *VALIDATE* outcome against diagnostic text &amp; location</doc>
<tag>create</tag>
<tag>invalid</tag>
<tag>observation_create</tag>
<tag>pregnancy-status</tag>
<tag>status</tag>
<status status="FAIL" starttime="20211001 11:47:45.033" endtime="20211001 11:47:45.035">Setup failed:
No keyword with name 'generic.prepare new request session' found.</status>
</test>
<test id="s1-t7" name="007 Create Pregnancy Status (Invalid/Missing 'category')">
<kw name="generic.prepare new request session" type="SETUP">
<arg>Prefer=return=representation</arg>
<arg>Authorization=${AUTHORIZATION['Authorization']}</arg>
<msg timestamp="20211001 11:47:45.037" level="FAIL">No keyword with name 'generic.prepare new request session' found.</msg>
<status status="FAIL" starttime="20211001 11:47:45.037" endtime="20211001 11:47:45.037"/>
</kw>
<doc>1. *CREATE* new an EHR record

2. *LOAD* _create-pregnancy-status.json_

3. *UPDATE* ``Subject - Identifier - value`` with the _UUID:_ ${subject_id} which was created in EHR record

4. *UPDATE* values for attribute ``Category`` 

5. *POST* example JSON to observation endpoint

6. *VALIDATE* the response status 

7. *VALIDATE* outcome against diagnostic text &amp; location</doc>
<tag>category</tag>
<tag>create</tag>
<tag>invalid</tag>
<tag>observation_create</tag>
<tag>pregnancy-status</tag>
<status status="FAIL" starttime="20211001 11:47:45.036" endtime="20211001 11:47:45.037">Setup failed:
No keyword with name 'generic.prepare new request session' found.</status>
</test>
<test id="s1-t8" name="008 Create Pregnancy Status (Invalid/Missing 'code')">
<kw name="generic.prepare new request session" type="SETUP">
<arg>Prefer=return=representation</arg>
<arg>Authorization=${AUTHORIZATION['Authorization']}</arg>
<msg timestamp="20211001 11:47:45.039" level="FAIL">No keyword with name 'generic.prepare new request session' found.</msg>
<status status="FAIL" starttime="20211001 11:47:45.039" endtime="20211001 11:47:45.039"/>
</kw>
<doc>1. *CREATE* new an EHR record

2. *LOAD* _create-pregnancy-status.json_

3. *UPDATE* ``Subject - Identifier - value`` with the _UUID:_ ${subject_id} which was created in EHR record

4. *UPDATE* values for attribute ``Code`` 

5. *POST* example JSON to observation endpoint

6. *VALIDATE* the response status 

7. *VALIDATE* outcome against diagnostic text &amp; location</doc>
<tag>code</tag>
<tag>create</tag>
<tag>invalid</tag>
<tag>observation_create</tag>
<tag>pregnancy-status</tag>
<status status="FAIL" starttime="20211001 11:47:45.038" endtime="20211001 11:47:45.040">Setup failed:
No keyword with name 'generic.prepare new request session' found.</status>
</test>
<test id="s1-t9" name="009 Create Pregnancy Status (Invalid/Missing 'effectiveDateTime')">
<kw name="generic.prepare new request session" type="SETUP">
<arg>Prefer=return=representation</arg>
<arg>Authorization=${AUTHORIZATION['Authorization']}</arg>
<msg timestamp="20211001 11:47:45.042" level="FAIL">No keyword with name 'generic.prepare new request session' found.</msg>
<status status="FAIL" starttime="20211001 11:47:45.042" endtime="20211001 11:47:45.042"/>
</kw>
<doc>1. *CREATE* new an EHR record

2. *LOAD* _create-pregnancy-status.json_

3. *UPDATE* ``Subject - Identifier - value`` with the _UUID:_ ${subject_id} which was created in EHR record

4. *UPDATE* values for attribute ``effectiveDateTime`` 

5. *POST* example JSON to observation endpoint

6. *VALIDATE* the response status 

7. *VALIDATE* outcome against diagnostic text &amp; location</doc>
<tag>create</tag>
<tag>effectiveDateTime</tag>
<tag>invalid</tag>
<tag>observation_create</tag>
<tag>pregnancy-status</tag>
<status status="FAIL" starttime="20211001 11:47:45.041" endtime="20211001 11:47:45.042">Setup failed:
No keyword with name 'generic.prepare new request session' found.</status>
</test>
<test id="s1-t10" name="010 Create Pregnancy Status (Invalid/Missing 'valueCodeableConcept')">
<kw name="generic.prepare new request session" type="SETUP">
<arg>Prefer=return=representation</arg>
<arg>Authorization=${AUTHORIZATION['Authorization']}</arg>
<msg timestamp="20211001 11:47:45.044" level="FAIL">No keyword with name 'generic.prepare new request session' found.</msg>
<status status="FAIL" starttime="20211001 11:47:45.044" endtime="20211001 11:47:45.044"/>
</kw>
<doc>1. *CREATE* new an EHR record

2. *LOAD* _create-pregnancy-status.json_

3. *UPDATE* ``Subject - Identifier - value`` with the _UUID:_ ${subject_id} which was created in EHR record

4. *UPDATE* values for attribute ``valueCodeableConcept`` 

5. *POST* example JSON to observation endpoint

6. *VALIDATE* the response status 

7. *VALIDATE* outcome against diagnostic text &amp; location</doc>
<tag>create</tag>
<tag>invalid</tag>
<tag>observation_create</tag>
<tag>pregnancy-status</tag>
<tag>valueCodeableConcept</tag>
<status status="FAIL" starttime="20211001 11:47:45.043" endtime="20211001 11:47:45.044">Setup failed:
No keyword with name 'generic.prepare new request session' found.</status>
</test>
<test id="s1-t11" name="011 Create Pregnancy Status (Invalid 'DataAbsentReason' AND 'valueCodeableConcept')">
<kw name="generic.prepare new request session" type="SETUP">
<arg>Prefer=return=representation</arg>
<arg>Authorization=${AUTHORIZATION['Authorization']}</arg>
<msg timestamp="20211001 11:47:45.046" level="FAIL">No keyword with name 'generic.prepare new request session' found.</msg>
<status status="FAIL" starttime="20211001 11:47:45.046" endtime="20211001 11:47:45.047"/>
</kw>
<doc>1. *CREATE* new an EHR record

2. *LOAD* _create-pregnancy-status.json_

3. *UPDATE* ``Subject - Identifier - value`` with the _UUID:_ ${subject_id} which was created in EHR record

4. *UPDATE* values for attribute ``DataAbsentReason`` 

5. *POST* example JSON to observation endpoint

6. *VALIDATE* the response status 

7. *VALIDATE* outcome against diagnostic text &amp; location</doc>
<tag>create</tag>
<tag>DataAbsentReason</tag>
<tag>invalid</tag>
<tag>observation_create</tag>
<tag>pregnancy-status</tag>
<status status="FAIL" starttime="20211001 11:47:45.045" endtime="20211001 11:47:45.047">Setup failed:
No keyword with name 'generic.prepare new request session' found.</status>
</test>
<test id="s1-t12" name="012 Create Pregnancy Status (Invalid/Missing 'DataAbsentReason')">
<kw name="generic.prepare new request session" type="SETUP">
<arg>Prefer=return=representation</arg>
<arg>Authorization=${AUTHORIZATION['Authorization']}</arg>
<msg timestamp="20211001 11:47:45.049" level="FAIL">No keyword with name 'generic.prepare new request session' found.</msg>
<status status="FAIL" starttime="20211001 11:47:45.049" endtime="20211001 11:47:45.049"/>
</kw>
<doc>1. *CREATE* new an EHR record

2. *LOAD* _create-pregnancy-status.json_

3. *UPDATE* ``Subject - Identifier - value`` with the _UUID:_ ${subject_id} which was created in EHR record

4. *UPDATE* values for attribute ``DataAbsentReason`` 

5. *POST* example JSON to observation endpoint

6. *VALIDATE* the response status 

7. *VALIDATE* outcome against diagnostic text &amp; location</doc>
<tag>create</tag>
<tag>DataAbsentReason</tag>
<tag>invalid</tag>
<tag>observation_create</tag>
<tag>pregnancy-status</tag>
<status status="FAIL" starttime="20211001 11:47:45.048" endtime="20211001 11:47:45.050">Setup failed:
No keyword with name 'generic.prepare new request session' found.</status>
</test>
<test id="s1-t13" name="013 Create Pregnancy Status (invalid multi)">
<kw name="generic.prepare new request session" type="SETUP">
<arg>Prefer=return=representation</arg>
<arg>Authorization=${AUTHORIZATION['Authorization']}</arg>
<msg timestamp="20211001 11:47:45.052" level="FAIL">No keyword with name 'generic.prepare new request session' found.</msg>
<status status="FAIL" starttime="20211001 11:47:45.052" endtime="20211001 11:47:45.052"/>
</kw>
<doc>1. *CREATE* new an EHR record

2. *LOAD* _create-pregnancy-status.json_

3. *UPDATE* values for attributes 

4. *POST* example JSON to observation endpoint

5. *VALIDATE* the response status 

6. *VALIDATE* outcome against diagnostic text (english + german)</doc>
<tag>create</tag>
<tag>invalid</tag>
<tag>multi</tag>
<tag>observation_create</tag>
<tag>pregnancy-status</tag>
<status status="FAIL" starttime="20211001 11:47:45.050" endtime="20211001 11:47:45.052">Setup failed:
No keyword with name 'generic.prepare new request session' found.</status>
</test>
<doc>*NOTE:* Use Regular Expressions to replace braces () as described here:
https://json-schema.org/understanding-json-schema/reference/regular_expressions.html#example 

*Author:* Dave Petzold</doc>
<status status="FAIL" starttime="20211001 11:47:45.000" endtime="20211001 11:47:45.053"/>
</suite>
<statistics>
<total>
<stat pass="0" fail="13" skip="0">All Tests</stat>
</total>
<tag>
<stat pass="0" fail="1" skip="0">category</stat>
<stat pass="0" fail="1" skip="0">code</stat>
<stat pass="0" fail="13" skip="0">create</stat>
<stat pass="0" fail="2" skip="0">DataAbsentReason</stat>
<stat pass="0" fail="1" skip="0">effectiveDateTime</stat>
<stat pass="0" fail="1" skip="0">ID</stat>
<stat pass="0" fail="1" skip="0">identifier</stat>
<stat pass="0" fail="13" skip="0">invalid</stat>
<stat pass="0" fail="1" skip="0">meta</stat>
<stat pass="0" fail="1" skip="0">multi</stat>
<stat pass="0" fail="13" skip="0">observation_create</stat>
<stat pass="0" fail="13" skip="0">pregnancy-status</stat>
<stat pass="0" fail="1" skip="0">resourceType</stat>
<stat pass="0" fail="1" skip="0">status</stat>
<stat pass="0" fail="1" skip="0">subject</stat>
<stat pass="0" fail="1" skip="0">valueCodeableConcept</stat>
</tag>
<suite>
<stat pass="0" fail="13" skip="0" id="s1" name="09 Create Pregnancy Status">09 Create Pregnancy Status</stat>
</suite>
</statistics>
<errors>
<msg timestamp="20211001 11:47:45.019" level="ERROR">Error in file 'D:\2_Entwicklung\fhir-bridge\tests\robot\OBSERVATION\09_create_pregnancy_status.robot' on line 20: Resource file 'D:\2_Entwicklung\fhir-bridge\tests\robot\robot\_resources\suite_settings.robot' does not exist.</msg>
</errors>
</robot>
